<?xml version="1.0" encoding="UTF-8"?>
<!-- Generated by org.testng.reporters.JUnitXMLReporter -->
<testsuite hostname="LSPL309-PC" name="Chrome_test" tests="31" failures="31" timestamp="3 Apr 2020 09:18:10 GMT" time="451.094" errors="0">
  <testcase name="ExecuteTest" time="17.062" classname="com.testcases.driverscripts.Execute_MainScript">
    <failure type="java.lang.AssertionError" message="NOT able to find element within given time frame...!!! Element name: &amp;apos;KamanLogo.">
      <![CDATA[java.lang.AssertionError: NOT able to find element within given time frame...!!! Element name: 'KamanLogo.
	at com.operations.Common.FireClass.FailedTCOperation(FireClass.java:84)
	at com.testcases.driverscripts.Execute_MainScript.ExecuteTest(Execute_MainScript.java:339)
... Removed 25 stack frames]]>
    </failure>
  </testcase> <!-- ExecuteTest -->
  <testcase name="ExecuteTest" time="14.09" classname="com.testcases.driverscripts.Execute_MainScript">
    <failure type="java.lang.AssertionError" message="NOT able to find element within given time frame...!!! Element name: &amp;apos;.">
      <![CDATA[java.lang.AssertionError: NOT able to find element within given time frame...!!! Element name: '.
	at com.operations.Common.FireClass.FailedTCOperation(FireClass.java:84)
	at com.testcases.driverscripts.Execute_MainScript.ExecuteTest(Execute_MainScript.java:339)
... Removed 25 stack frames]]>
    </failure>
  </testcase> <!-- ExecuteTest -->
  <testcase name="ExecuteTest" time="14.087" classname="com.testcases.driverscripts.Execute_MainScript">
    <failure type="java.lang.AssertionError" message="NOT able to find element within given time frame...!!! Element name: &amp;apos;.">
      <![CDATA[java.lang.AssertionError: NOT able to find element within given time frame...!!! Element name: '.
	at com.operations.Common.FireClass.FailedTCOperation(FireClass.java:84)
	at com.testcases.driverscripts.Execute_MainScript.ExecuteTest(Execute_MainScript.java:339)
... Removed 25 stack frames]]>
    </failure>
  </testcase> <!-- ExecuteTest -->
  <testcase name="ExecuteTest" time="14.077" classname="com.testcases.driverscripts.Execute_MainScript">
    <failure type="java.lang.AssertionError" message="NOT able to find element within given time frame...!!! Element name: &amp;apos;.">
      <![CDATA[java.lang.AssertionError: NOT able to find element within given time frame...!!! Element name: '.
	at com.operations.Common.FireClass.FailedTCOperation(FireClass.java:84)
	at com.testcases.driverscripts.Execute_MainScript.ExecuteTest(Execute_MainScript.java:339)
... Removed 25 stack frames]]>
    </failure>
  </testcase> <!-- ExecuteTest -->
  <testcase name="ExecuteTest" time="14.104" classname="com.testcases.driverscripts.Execute_MainScript">
    <failure type="java.lang.AssertionError" message="NOT able to find element within given time frame...!!! Element name: &amp;apos;.">
      <![CDATA[java.lang.AssertionError: NOT able to find element within given time frame...!!! Element name: '.
	at com.operations.Common.FireClass.FailedTCOperation(FireClass.java:84)
	at com.testcases.driverscripts.Execute_MainScript.ExecuteTest(Execute_MainScript.java:339)
... Removed 25 stack frames]]>
    </failure>
  </testcase> <!-- ExecuteTest -->
  <testcase name="ExecuteTest" time="14.087" classname="com.testcases.driverscripts.Execute_MainScript">
    <failure type="java.lang.AssertionError" message="NOT able to find element within given time frame...!!! Element name: &amp;apos;.">
      <![CDATA[java.lang.AssertionError: NOT able to find element within given time frame...!!! Element name: '.
	at com.operations.Common.FireClass.FailedTCOperation(FireClass.java:84)
	at com.testcases.driverscripts.Execute_MainScript.ExecuteTest(Execute_MainScript.java:339)
... Removed 25 stack frames]]>
    </failure>
  </testcase> <!-- ExecuteTest -->
  <testcase name="ExecuteTest" time="14.091" classname="com.testcases.driverscripts.Execute_MainScript">
    <failure type="java.lang.AssertionError" message="NOT able to find element within given time frame...!!! Element name: &amp;apos;.">
      <![CDATA[java.lang.AssertionError: NOT able to find element within given time frame...!!! Element name: '.
	at com.operations.Common.FireClass.FailedTCOperation(FireClass.java:84)
	at com.testcases.driverscripts.Execute_MainScript.ExecuteTest(Execute_MainScript.java:339)
... Removed 25 stack frames]]>
    </failure>
  </testcase> <!-- ExecuteTest -->
  <testcase name="ExecuteTest" time="14.08" classname="com.testcases.driverscripts.Execute_MainScript">
    <failure type="java.lang.AssertionError" message="NOT able to find element within given time frame...!!! Element name: &amp;apos;.">
      <![CDATA[java.lang.AssertionError: NOT able to find element within given time frame...!!! Element name: '.
	at com.operations.Common.FireClass.FailedTCOperation(FireClass.java:84)
	at com.testcases.driverscripts.Execute_MainScript.ExecuteTest(Execute_MainScript.java:339)
... Removed 25 stack frames]]>
    </failure>
  </testcase> <!-- ExecuteTest -->
  <testcase name="ExecuteTest" time="14.076" classname="com.testcases.driverscripts.Execute_MainScript">
    <failure type="java.lang.AssertionError" message="NOT able to find element within given time frame...!!! Element name: &amp;apos;.">
      <![CDATA[java.lang.AssertionError: NOT able to find element within given time frame...!!! Element name: '.
	at com.operations.Common.FireClass.FailedTCOperation(FireClass.java:84)
	at com.testcases.driverscripts.Execute_MainScript.ExecuteTest(Execute_MainScript.java:339)
... Removed 25 stack frames]]>
    </failure>
  </testcase> <!-- ExecuteTest -->
  <testcase name="ExecuteTest" time="14.085" classname="com.testcases.driverscripts.Execute_MainScript">
    <failure type="java.lang.AssertionError" message="NOT able to find element within given time frame...!!! Element name: &amp;apos;.">
      <![CDATA[java.lang.AssertionError: NOT able to find element within given time frame...!!! Element name: '.
	at com.operations.Common.FireClass.FailedTCOperation(FireClass.java:84)
	at com.testcases.driverscripts.Execute_MainScript.ExecuteTest(Execute_MainScript.java:339)
... Removed 25 stack frames]]>
    </failure>
  </testcase> <!-- ExecuteTest -->
  <testcase name="ExecuteTest" time="14.103" classname="com.testcases.driverscripts.Execute_MainScript">
    <failure type="java.lang.AssertionError" message="NOT able to find element within given time frame...!!! Element name: &amp;apos;.">
      <![CDATA[java.lang.AssertionError: NOT able to find element within given time frame...!!! Element name: '.
	at com.operations.Common.FireClass.FailedTCOperation(FireClass.java:84)
	at com.testcases.driverscripts.Execute_MainScript.ExecuteTest(Execute_MainScript.java:339)
... Removed 25 stack frames]]>
    </failure>
  </testcase> <!-- ExecuteTest -->
  <testcase name="ExecuteTest" time="14.147" classname="com.testcases.driverscripts.Execute_MainScript">
    <failure type="java.lang.AssertionError" message="NOT able to find element within given time frame...!!! Element name: &amp;apos;.">
      <![CDATA[java.lang.AssertionError: NOT able to find element within given time frame...!!! Element name: '.
	at com.operations.Common.FireClass.FailedTCOperation(FireClass.java:84)
	at com.testcases.driverscripts.Execute_MainScript.ExecuteTest(Execute_MainScript.java:339)
... Removed 25 stack frames]]>
    </failure>
  </testcase> <!-- ExecuteTest -->
  <testcase name="ExecuteTest" time="14.085" classname="com.testcases.driverscripts.Execute_MainScript">
    <failure type="java.lang.AssertionError" message="NOT able to find element within given time frame...!!! Element name: &amp;apos;.">
      <![CDATA[java.lang.AssertionError: NOT able to find element within given time frame...!!! Element name: '.
	at com.operations.Common.FireClass.FailedTCOperation(FireClass.java:84)
	at com.testcases.driverscripts.Execute_MainScript.ExecuteTest(Execute_MainScript.java:339)
... Removed 25 stack frames]]>
    </failure>
  </testcase> <!-- ExecuteTest -->
  <testcase name="ExecuteTest" time="14.098" classname="com.testcases.driverscripts.Execute_MainScript">
    <failure type="java.lang.AssertionError" message="NOT able to find element within given time frame...!!! Element name: &amp;apos;.">
      <![CDATA[java.lang.AssertionError: NOT able to find element within given time frame...!!! Element name: '.
	at com.operations.Common.FireClass.FailedTCOperation(FireClass.java:84)
	at com.testcases.driverscripts.Execute_MainScript.ExecuteTest(Execute_MainScript.java:339)
... Removed 25 stack frames]]>
    </failure>
  </testcase> <!-- ExecuteTest -->
  <testcase name="ExecuteTest" time="14.083" classname="com.testcases.driverscripts.Execute_MainScript">
    <failure type="java.lang.AssertionError" message="NOT able to find element within given time frame...!!! Element name: &amp;apos;.">
      <![CDATA[java.lang.AssertionError: NOT able to find element within given time frame...!!! Element name: '.
	at com.operations.Common.FireClass.FailedTCOperation(FireClass.java:84)
	at com.testcases.driverscripts.Execute_MainScript.ExecuteTest(Execute_MainScript.java:339)
... Removed 25 stack frames]]>
    </failure>
  </testcase> <!-- ExecuteTest -->
  <testcase name="ExecuteTest" time="14.091" classname="com.testcases.driverscripts.Execute_MainScript">
    <failure type="java.lang.AssertionError" message="NOT able to find element within given time frame...!!! Element name: &amp;apos;.">
      <![CDATA[java.lang.AssertionError: NOT able to find element within given time frame...!!! Element name: '.
	at com.operations.Common.FireClass.FailedTCOperation(FireClass.java:84)
	at com.testcases.driverscripts.Execute_MainScript.ExecuteTest(Execute_MainScript.java:339)
... Removed 25 stack frames]]>
    </failure>
  </testcase> <!-- ExecuteTest -->
  <testcase name="ExecuteTest" time="14.156" classname="com.testcases.driverscripts.Execute_MainScript">
    <failure type="java.lang.AssertionError" message="NOT able to find element within given time frame...!!! Element name: &amp;apos;.">
      <![CDATA[java.lang.AssertionError: NOT able to find element within given time frame...!!! Element name: '.
	at com.operations.Common.FireClass.FailedTCOperation(FireClass.java:84)
	at com.testcases.driverscripts.Execute_MainScript.ExecuteTest(Execute_MainScript.java:339)
... Removed 24 stack frames]]>
    </failure>
  </testcase> <!-- ExecuteTest -->
  <testcase name="ExecuteTest" time="14.166" classname="com.testcases.driverscripts.Execute_MainScript">
    <failure type="java.lang.AssertionError" message="NOT able to find element within given time frame...!!! Element name: &amp;apos;.">
      <![CDATA[java.lang.AssertionError: NOT able to find element within given time frame...!!! Element name: '.
	at com.operations.Common.FireClass.FailedTCOperation(FireClass.java:84)
	at com.testcases.driverscripts.Execute_MainScript.ExecuteTest(Execute_MainScript.java:339)
... Removed 24 stack frames]]>
    </failure>
  </testcase> <!-- ExecuteTest -->
  <testcase name="ExecuteTest" time="14.105" classname="com.testcases.driverscripts.Execute_MainScript">
    <failure type="java.lang.AssertionError" message="NOT able to find element within given time frame...!!! Element name: &amp;apos;.">
      <![CDATA[java.lang.AssertionError: NOT able to find element within given time frame...!!! Element name: '.
	at com.operations.Common.FireClass.FailedTCOperation(FireClass.java:84)
	at com.testcases.driverscripts.Execute_MainScript.ExecuteTest(Execute_MainScript.java:339)
... Removed 24 stack frames]]>
    </failure>
  </testcase> <!-- ExecuteTest -->
  <testcase name="ExecuteTest" time="14.142" classname="com.testcases.driverscripts.Execute_MainScript">
    <failure type="java.lang.AssertionError" message="NOT able to find element within given time frame...!!! Element name: &amp;apos;.">
      <![CDATA[java.lang.AssertionError: NOT able to find element within given time frame...!!! Element name: '.
	at com.operations.Common.FireClass.FailedTCOperation(FireClass.java:84)
	at com.testcases.driverscripts.Execute_MainScript.ExecuteTest(Execute_MainScript.java:339)
... Removed 24 stack frames]]>
    </failure>
  </testcase> <!-- ExecuteTest -->
  <testcase name="ExecuteTest" time="14.179" classname="com.testcases.driverscripts.Execute_MainScript">
    <failure type="java.lang.AssertionError" message="NOT able to find element within given time frame...!!! Element name: &amp;apos;.">
      <![CDATA[java.lang.AssertionError: NOT able to find element within given time frame...!!! Element name: '.
	at com.operations.Common.FireClass.FailedTCOperation(FireClass.java:84)
	at com.testcases.driverscripts.Execute_MainScript.ExecuteTest(Execute_MainScript.java:339)
... Removed 24 stack frames]]>
    </failure>
  </testcase> <!-- ExecuteTest -->
  <testcase name="ExecuteTest" time="14.131" classname="com.testcases.driverscripts.Execute_MainScript">
    <failure type="java.lang.AssertionError" message="NOT able to find element within given time frame...!!! Element name: &amp;apos;.">
      <![CDATA[java.lang.AssertionError: NOT able to find element within given time frame...!!! Element name: '.
	at com.operations.Common.FireClass.FailedTCOperation(FireClass.java:84)
	at com.testcases.driverscripts.Execute_MainScript.ExecuteTest(Execute_MainScript.java:339)
... Removed 24 stack frames]]>
    </failure>
  </testcase> <!-- ExecuteTest -->
  <testcase name="ExecuteTest" time="14.154" classname="com.testcases.driverscripts.Execute_MainScript">
    <failure type="java.lang.AssertionError" message="NOT able to find element within given time frame...!!! Element name: &amp;apos;.">
      <![CDATA[java.lang.AssertionError: NOT able to find element within given time frame...!!! Element name: '.
	at com.operations.Common.FireClass.FailedTCOperation(FireClass.java:84)
	at com.testcases.driverscripts.Execute_MainScript.ExecuteTest(Execute_MainScript.java:339)
... Removed 24 stack frames]]>
    </failure>
  </testcase> <!-- ExecuteTest -->
  <testcase name="ExecuteTest" time="14.078" classname="com.testcases.driverscripts.Execute_MainScript">
    <failure type="java.lang.AssertionError" message="NOT able to find element within given time frame...!!! Element name: &amp;apos;.">
      <![CDATA[java.lang.AssertionError: NOT able to find element within given time frame...!!! Element name: '.
	at com.operations.Common.FireClass.FailedTCOperation(FireClass.java:84)
	at com.testcases.driverscripts.Execute_MainScript.ExecuteTest(Execute_MainScript.java:339)
... Removed 24 stack frames]]>
    </failure>
  </testcase> <!-- ExecuteTest -->
  <testcase name="ExecuteTest" time="14.072" classname="com.testcases.driverscripts.Execute_MainScript">
    <failure type="java.lang.AssertionError" message="NOT able to find element within given time frame...!!! Element name: &amp;apos;.">
      <![CDATA[java.lang.AssertionError: NOT able to find element within given time frame...!!! Element name: '.
	at com.operations.Common.FireClass.FailedTCOperation(FireClass.java:84)
	at com.testcases.driverscripts.Execute_MainScript.ExecuteTest(Execute_MainScript.java:339)
... Removed 24 stack frames]]>
    </failure>
  </testcase> <!-- ExecuteTest -->
  <testcase name="ExecuteTest" time="14.074" classname="com.testcases.driverscripts.Execute_MainScript">
    <failure type="java.lang.AssertionError" message="NOT able to find element within given time frame...!!! Element name: &amp;apos;.">
      <![CDATA[java.lang.AssertionError: NOT able to find element within given time frame...!!! Element name: '.
	at com.operations.Common.FireClass.FailedTCOperation(FireClass.java:84)
	at com.testcases.driverscripts.Execute_MainScript.ExecuteTest(Execute_MainScript.java:339)
... Removed 24 stack frames]]>
    </failure>
  </testcase> <!-- ExecuteTest -->
  <testcase name="ExecuteTest" time="14.2" classname="com.testcases.driverscripts.Execute_MainScript">
    <failure type="java.lang.AssertionError" message="NOT able to find element within given time frame...!!! Element name: &amp;apos;.">
      <![CDATA[java.lang.AssertionError: NOT able to find element within given time frame...!!! Element name: '.
	at com.operations.Common.FireClass.FailedTCOperation(FireClass.java:84)
	at com.testcases.driverscripts.Execute_MainScript.ExecuteTest(Execute_MainScript.java:339)
... Removed 24 stack frames]]>
    </failure>
  </testcase> <!-- ExecuteTest -->
  <testcase name="ExecuteTest" time="14.131" classname="com.testcases.driverscripts.Execute_MainScript">
    <failure type="java.lang.AssertionError" message="NOT able to find element within given time frame...!!! Element name: &amp;apos;.">
      <![CDATA[java.lang.AssertionError: NOT able to find element within given time frame...!!! Element name: '.
	at com.operations.Common.FireClass.FailedTCOperation(FireClass.java:84)
	at com.testcases.driverscripts.Execute_MainScript.ExecuteTest(Execute_MainScript.java:339)
... Removed 24 stack frames]]>
    </failure>
  </testcase> <!-- ExecuteTest -->
  <testcase name="ExecuteTest" time="14.077" classname="com.testcases.driverscripts.Execute_MainScript">
    <failure type="java.lang.AssertionError" message="NOT able to find element within given time frame...!!! Element name: &amp;apos;.">
      <![CDATA[java.lang.AssertionError: NOT able to find element within given time frame...!!! Element name: '.
	at com.operations.Common.FireClass.FailedTCOperation(FireClass.java:84)
	at com.testcases.driverscripts.Execute_MainScript.ExecuteTest(Execute_MainScript.java:339)
... Removed 24 stack frames]]>
    </failure>
  </testcase> <!-- ExecuteTest -->
  <testcase name="ExecuteTest" time="14.122" classname="com.testcases.driverscripts.Execute_MainScript">
    <failure type="java.lang.AssertionError" message="NOT able to find element within given time frame...!!! Element name: &amp;apos;.">
      <![CDATA[java.lang.AssertionError: NOT able to find element within given time frame...!!! Element name: '.
	at com.operations.Common.FireClass.FailedTCOperation(FireClass.java:84)
	at com.testcases.driverscripts.Execute_MainScript.ExecuteTest(Execute_MainScript.java:339)
... Removed 24 stack frames]]>
    </failure>
  </testcase> <!-- ExecuteTest -->
  <testcase name="ExecuteTest" time="14.078" classname="com.testcases.driverscripts.Execute_MainScript">
    <failure type="java.lang.AssertionError" message="NOT able to find element within given time frame...!!! Element name: &amp;apos;.">
      <![CDATA[java.lang.AssertionError: NOT able to find element within given time frame...!!! Element name: '.
	at com.operations.Common.FireClass.FailedTCOperation(FireClass.java:84)
	at com.testcases.driverscripts.Execute_MainScript.ExecuteTest(Execute_MainScript.java:339)
... Removed 24 stack frames]]>
    </failure>
  </testcase> <!-- ExecuteTest -->
</testsuite> <!-- Chrome_test -->
